  Painter.cpp
  Snake.cpp
  main.cpp
C:\LapTrinhNangCao\Project2\Project2\main.cpp(234,33): warning C4244: 'argument': conversion from 'double' to 'int', possible loss of data
C:\LapTrinhNangCao\Project2\Project2\main.cpp(235,39): warning C4244: 'argument': conversion from 'double' to 'int', possible loss of data
C:\LapTrinhNangCao\Project2\Project2\main.cpp(236,82): warning C4244: 'argument': conversion from 'double' to 'int', possible loss of data
C:\LapTrinhNangCao\Project2\Project2\main.cpp(236,50): warning C4244: 'argument': conversion from 'double' to 'int', possible loss of data
C:\LapTrinhNangCao\Project2\Project2\main.cpp(236,32): warning C4244: 'argument': conversion from 'double' to 'int', possible loss of data
C:\LapTrinhNangCao\Project2\Project2\main.cpp(237,82): warning C4244: 'argument': conversion from 'double' to 'int', possible loss of data
C:\LapTrinhNangCao\Project2\Project2\main.cpp(237,34): warning C4244: 'argument': conversion from 'double' to 'int', possible loss of data
C:\LapTrinhNangCao\Project2\Project2\main.cpp(238,86): warning C4244: 'argument': conversion from 'double' to 'int', possible loss of data
C:\LapTrinhNangCao\Project2\Project2\main.cpp(238,53): warning C4244: 'argument': conversion from 'double' to 'int', possible loss of data
C:\LapTrinhNangCao\Project2\Project2\main.cpp(238,35): warning C4244: 'argument': conversion from 'double' to 'int', possible loss of data
C:\LapTrinhNangCao\Project2\Project2\main.cpp(239,86): warning C4244: 'argument': conversion from 'double' to 'int', possible loss of data
C:\LapTrinhNangCao\Project2\Project2\main.cpp(239,53): warning C4244: 'argument': conversion from 'double' to 'int', possible loss of data
C:\LapTrinhNangCao\Project2\Project2\main.cpp(239,35): warning C4244: 'argument': conversion from 'double' to 'int', possible loss of data
C:\LapTrinhNangCao\Project2\Project2\main.cpp(240,82): warning C4244: 'argument': conversion from 'double' to 'int', possible loss of data
C:\LapTrinhNangCao\Project2\Project2\main.cpp(240,49): warning C4244: 'argument': conversion from 'double' to 'int', possible loss of data
C:\LapTrinhNangCao\Project2\Project2\main.cpp(240,31): warning C4244: 'argument': conversion from 'double' to 'int', possible loss of data
C:\LapTrinhNangCao\Project2\Project2\main.cpp(241,89): warning C4244: 'argument': conversion from 'double' to 'int', possible loss of data
C:\LapTrinhNangCao\Project2\Project2\main.cpp(241,56): warning C4244: 'argument': conversion from 'double' to 'int', possible loss of data
C:\LapTrinhNangCao\Project2\Project2\main.cpp(241,38): warning C4244: 'argument': conversion from 'double' to 'int', possible loss of data
C:\LapTrinhNangCao\Project2\Project2\main.cpp(244,54): warning C4244: 'argument': conversion from 'double' to 'int', possible loss of data
C:\LapTrinhNangCao\Project2\Project2\main.cpp(491,12): warning C4244: 'argument': conversion from 'time_t' to 'unsigned int', possible loss of data
  Generating Code...
  Project2.vcxproj -> C:\LapTrinhNangCao\Project2\x64\Debug\Project2.exe
